Variables KNT=1:
RAIO=123014.767537156
RMEIO=61507.3837685781
TAXA=6.88064422675044
TFRENT=1.78783793324035E-5
TFIM=0.000132121620667597
Variables KNT=2:
RAIO=20947.5655729397
RMEIO=10473.7827864699
TAXA=15.9021151280801
TFRENT=1.31728172033859E-6
TFIM=0.000148682718279661
Variables KNT=3:
RAIO=30773.8484964411
RMEIO=15386.9242482205
TAXA=16.9992616601528
TFRENT=1.81030500686842E-6
TFIM=0.000148189694993132
Variables KNT=4:
RAIO=40445.3705911447
RMEIO=20222.6852955724
TAXA=16.7412001247138
TFRENT=2.41591823106147E-6
TFIM=0.000147584081768939
Variables KNT=5:
RAIO=27119.1285956588
RMEIO=13559.5642978294
TAXA=29.3166472882239
TFRENT=9.25041950706014E-7
TFIM=0.000149074958049294

