Variables KNT=1:
RAIO=94116.4874673347
RMEIO=47058.2437336673
TAXA=41.4070654649766
TFRENT=2.2729571972914E-6
TFIM=0.000147727042802709
Variables KNT=2:
RAIO=20022.1193065871
RMEIO=10011.0596532935
TAXA=7.18400815539382
TFRENT=2.78704016942885E-6
TFIM=0.000147212959830571
Variables KNT=3:
RAIO=40943.7193708068
RMEIO=20471.8596854034
TAXA=78.3430959230857
TFRENT=5.22620645615075E-7
TFIM=0.000149477379354385
Variables KNT=4:
RAIO=29304.7585764638
RMEIO=14652.3792882319
TAXA=21.0817591127387
TFRENT=1.39005281389238E-6
TFIM=0.000148609947186108
Variables KNT=5:
RAIO=20670.5429957836
RMEIO=10335.2714978918
TAXA=36.7197880375747
TFRENT=5.62926533634447E-7
TFIM=0.000149437073466366
Variables KNT=6:
RAIO=83375.2743853238
RMEIO=41687.6371926619
TAXA=37.8499971687621
TFRENT=2.20278152237576E-6
TFIM=0.000147797218477624
Variables KNT=7:
RAIO=43182.2643872158
RMEIO=21591.1321936079
TAXA=17.6372348359835
TFRENT=2.44835796477094E-6
TFIM=0.000147551642035229
Variables KNT=8:
RAIO=30408.6899210576
RMEIO=15204.3449605288
TAXA=16.2844928503722
TFRENT=1.86734030961011E-6
TFIM=0.00014813265969039
Variables KNT=9:
RAIO=30501.0168660929
RMEIO=15250.5084330464
TAXA=16.1742993813154
TFRENT=1.88577051450696E-6
TFIM=0.000148114229485493
Variables KNT=10:
RAIO=26768.165309717
RMEIO=13384.0826548585
TAXA=38.7801378067605
TFRENT=6.90254517482672E-7
TFIM=0.000149309745482517
