Variables KNT=1:
RAIO=123014.767537156
RMEIO=61507.3837685781
TAXA=6.88064422675044
TFRENT=1.78783793324035E-5
TFIM=0.000132121620667597
Variables KNT=2:
RAIO=20947.5655729397
RMEIO=10473.7827864699
TAXA=15.9021151280801
TFRENT=1.31728172033859E-6
TFIM=0.000148682718279661
Variables KNT=3:
RAIO=30773.8484964411
RMEIO=15386.9242482205
TAXA=16.9992616601528
TFRENT=1.81030500686842E-6
TFIM=0.000148189694993132
Variables KNT=4:
RAIO=40445.3705911447
RMEIO=20222.6852955724
TAXA=16.7412001247138
TFRENT=2.41591823106147E-6
TFIM=0.000147584081768939
Variables KNT=5:
RAIO=27119.1285956588
RMEIO=13559.5642978294
TAXA=29.3166472882239
TFRENT=9.25041950706014E-7
TFIM=0.000149074958049294
Variables KNT=6:
RAIO=58865.8386299124
RMEIO=29432.9193149562
TAXA=49.5557337375141
TFRENT=1.18787139630929E-6
TFIM=0.000148812128603691
Variables KNT=7:
RAIO=28965.9808339551
RMEIO=14482.9904169776
TAXA=22.8908517162854
TFRENT=1.26539550353854E-6
TFIM=0.000148734604496461
Variables KNT=8:
RAIO=50562.6147433225
RMEIO=25281.3073716612
TAXA=16.4925851952744
TFRENT=3.06577859957395E-6
TFIM=0.000146934221400426
Variables KNT=9:
RAIO=43571.0479354325
RMEIO=21785.5239677163
TAXA=15.9409110835477
TFRENT=2.73328467281907E-6
TFIM=0.000147266715327181
Variables KNT=10:
RAIO=41721.5707327103
RMEIO=20860.7853663552
TAXA=22.3735719479441
TFRENT=1.86477022219709E-6
TFIM=0.000148135229777803
Variables KNT=11:
RAIO=77782.5111424935
RMEIO=38891.2555712468
TAXA=23.5408169440367
TFRENT=3.30415513307822E-6
TFIM=0.000146695844866922
Variables KNT=12:
RAIO=104025.509371232
RMEIO=52012.7546856159
TAXA=36.4893631946271
TFRENT=2.85084474662877E-6
TFIM=0.000147149155253371
Variables KNT=13:
RAIO=29768.1024716902
RMEIO=14884.0512358451
TAXA=11.6778092713323
TFRENT=2.54911702871938E-6
TFIM=0.000147450882971281
Variables KNT=14:
RAIO=59285.6769398535
RMEIO=29642.8384699268
TAXA=29.2581531924608
TFRENT=2.02629593706311E-6
TFIM=0.000147973704062937
Variables KNT=15:
RAIO=51299.7609940122
RMEIO=25649.8804970061
TAXA=78.5083224824688
TFRENT=6.53430864039512E-7
TFIM=0.00014934656913596
Variables KNT=16:
RAIO=29825.0726119451
RMEIO=14912.5363059725
TAXA=8.9186747195533
TFRENT=3.34411485448131E-6
TFIM=0.000146655885145519
Variables KNT=17:
RAIO=32233.0923636106
RMEIO=16116.5461818053
TAXA=22.2759651814487
TFRENT=1.44698970846184E-6
TFIM=0.000148553010291538
Variables KNT=18:
RAIO=44113.65097523
RMEIO=22056.825487615
TAXA=19.139550540922
TFRENT=2.30484257615722E-6
TFIM=0.000147695157423843
Variables KNT=19:
RAIO=28454.8935564574
RMEIO=14227.4467782287
TAXA=17.1043032649777
TFRENT=1.66361021057905E-6
TFIM=0.000148336389789421
Variables KNT=20:
RAIO=28076.3537598763
RMEIO=14038.1768799381
TAXA=13.9092917570072
TFRENT=2.01853223373017E-6
TFIM=0.00014798146776627
Variables KNT=21:
RAIO=67208.2084081135
RMEIO=33604.1042040567
TAXA=96.0648916726995
TFRENT=6.99612597670927E-7
TFIM=0.000149300387402329
Variables KNT=22:
RAIO=29716.8635791827
RMEIO=14858.4317895914
TAXA=10.3217884951599
TFRENT=2.87904209557459E-6
TFIM=0.000147120957904425
Variables KNT=23:
RAIO=36999.1028220784
RMEIO=18499.5514110392
TAXA=27.2893071173108
TFRENT=1.35580953605848E-6
TFIM=0.000148644190463942
Variables KNT=24:
RAIO=35529.5373667793
RMEIO=17764.7686833897
TAXA=35.7793459027595
TFRENT=9.93018079853694E-7
TFIM=0.000149006981920146
Variables KNT=25:
RAIO=55898.2409760289
RMEIO=27949.1204880144
TAXA=54.273030023256
TFRENT=1.0299450933931E-6
TFIM=0.000148970054906607
Variables KNT=26:
RAIO=23372.7202739406
RMEIO=11686.3601369703
TAXA=18.0241838005628
TFRENT=1.29674222880544E-6
TFIM=0.000148703257771195
Variables KNT=27:
RAIO=51406.3058407774
RMEIO=25703.1529203887
TAXA=75.5857416800955
TFRENT=6.80105859890167E-7
TFIM=0.00014931989414011
Variables KNT=28:
RAIO=27259.3520327696
RMEIO=13629.6760163848
TAXA=24.2186759911251
TFRENT=1.12555087828743E-6
TFIM=0.000148874449121713
Variables KNT=29:
RAIO=50069.5139973546
RMEIO=25034.7569986773
TAXA=20.4163562002743
TFRENT=2.45242165184607E-6
TFIM=0.000147547578348154
Variables KNT=30:
RAIO=34349.595775473
RMEIO=17174.7978877365
TAXA=22.7489452623989
TFRENT=1.50994234586553E-6
TFIM=0.000148490057654134
Variables KNT=31:
RAIO=46614.028112531
RMEIO=23307.0140562655
TAXA=12.7192231210504
TFRENT=3.66484868367348E-6
TFIM=0.000146335151316327
Variables KNT=32:
RAIO=51170.8060931534
RMEIO=25585.4030465767
TAXA=31.5884217489618
TFRENT=1.61992284704237E-6
TFIM=0.000148380077152958
Variables KNT=33:
RAIO=35751.2417239154
RMEIO=17875.6208619577
TAXA=11.3764422450109
TFRENT=3.14256785680023E-6
TFIM=0.0001468574321432
Variables KNT=34:
RAIO=21833.6731795014
RMEIO=10916.8365897507
TAXA=17.6522636756654
TFRENT=1.23687667376056E-6
TFIM=0.000148763123326239
Variables KNT=35:
RAIO=84939.9490745842
RMEIO=42469.9745372921
TAXA=25.4929049176468
TFRENT=3.33190545953775E-6
TFIM=0.000146668094540462
Variables KNT=36:
RAIO=23591.7394222027
RMEIO=11795.8697111013
TAXA=23.1793952935036
TFRENT=1.01778925306195E-6
TFIM=0.000148982210746938
Variables KNT=37:
RAIO=30681.524124032
RMEIO=15340.762062016
TAXA=25.814127351699
TFRENT=1.18855554193323E-6
TFIM=0.000148811444458067
Variables KNT=38:
RAIO=25988.2535261411
RMEIO=12994.1267630706
TAXA=49.1360520548467
TFRENT=5.2890398066846E-7
TFIM=0.000149471096019332
Variables KNT=39:
RAIO=53344.7520513766
RMEIO=26672.3760256883
TAXA=21.7240204999746
TFRENT=2.45556535225323E-6
TFIM=0.000147544434647747
Variables KNT=40:
RAIO=33248.8621782033
RMEIO=16624.4310891016
TAXA=17.9159162396199
TFRENT=1.85582817722018E-6
TFIM=0.00014814417182278
Variables KNT=41:
RAIO=30863.0684980638
RMEIO=15431.5342490319
TAXA=17.3394839623088
TFRENT=1.77993004665834E-6
TFIM=0.000148220069953342
Variables KNT=42:
RAIO=26756.7626742635
RMEIO=13378.3813371318
TAXA=26.9460169963423
TFRENT=9.92976538161302E-7
TFIM=0.000149007023461839
Variables KNT=43:
RAIO=21311.667526463
RMEIO=10655.8337632315
TAXA=29.6600661170819
TFRENT=7.18530681703003E-7
TFIM=0.000149281469318297
Variables KNT=44:
RAIO=25468.9498934396
RMEIO=12734.4749467198
TAXA=18.2257644510127
TFRENT=1.39741463036544E-6
TFIM=0.000148602585369635
Variables KNT=45:
RAIO=23829.296954426
RMEIO=11914.648477213
TAXA=46.3366308743304
TFRENT=5.14264772919151E-7
TFIM=0.000149485735227081
Variables KNT=46:
RAIO=27565.1129120342
RMEIO=13782.5564560171
TAXA=33.095367160561
TFRENT=8.32899444151895E-7
TFIM=0.000149167100555848
Variables KNT=47:
RAIO=60190.1007247624
RMEIO=30095.0503623812
TAXA=53.5429320127151
TFRENT=1.124146520599E-6
TFIM=0.000148875853479401
Variables KNT=48:
RAIO=23151.0814582777
RMEIO=11575.5407291388
TAXA=23.2033524335573
TFRENT=9.9774726624399E-7
TFIM=0.000149002252733756
Variables KNT=49:
RAIO=63266.2473260994
RMEIO=31633.1236630497
TAXA=18.7018633587142
TFRENT=3.38288469510286E-6
TFIM=0.000146617115304897
Variables KNT=50:
RAIO=50861.3800484974
RMEIO=25430.6900242487
TAXA=33.1190558801581
TFRENT=1.53571346455468E-6
TFIM=0.000148464286535445
Variables KNT=51:
RAIO=66544.2087870189
RMEIO=33272.1043935095
TAXA=16.5163832993878
TFRENT=4.02898186490291E-6
TFIM=0.000145971018135097
Variables KNT=52:
RAIO=32328.0526260558
RMEIO=16164.0263130279
TAXA=35.2688826539617
TFRENT=9.16616864311818E-7
TFIM=0.000149083383135688
Variables KNT=53:
RAIO=44068.8120188106
RMEIO=22034.4060094053
TAXA=49.6918183106938
TFRENT=8.86842412231207E-7
TFIM=0.000149113157587769
Variables KNT=54:
RAIO=35240.3079719279
RMEIO=17620.153985964
TAXA=25.696434553386
TFRENT=1.3714084690899E-6
TFIM=0.00014862859153091
Variables KNT=55:
RAIO=48897.3496191628
RMEIO=24448.6748095814
TAXA=16.4062988943448
TFRENT=2.98040099927825E-6
TFIM=0.000147019599000722
Variables KNT=56:
RAIO=42586.8355020115
RMEIO=21293.4177510057
TAXA=22.9389117099204
TFRENT=1.85653251734667E-6
TFIM=0.000148143467482653
Variables KNT=57:
RAIO=22382.720391858
RMEIO=11191.360195929
TAXA=38.692141441764
TFRENT=5.78482336666386E-7
TFIM=0.000149421517663334
Variables KNT=58:
RAIO=64596.3331175024
RMEIO=32298.1665587512
TAXA=26.0350663667909
TFRENT=2.48112803737264E-6
TFIM=0.000147518871962627
Variables KNT=59:
RAIO=181458.902255943
RMEIO=90729.4511279714
TAXA=45.7675514607018
TFRENT=3.96479375593759E-6
TFIM=0.000146035206244062
Variables KNT=60:
RAIO=21970.3666123799
RMEIO=10985.1833061899
TAXA=22.4443656190942
TFRENT=9.78881158204308E-7
TFIM=0.000149021118841796
Variables KNT=61:
RAIO=40864.3551454158
RMEIO=20432.1775727079
TAXA=20.4665874824756
TFRENT=1.99663745509141E-6
TFIM=0.000148003362544909
Variables KNT=62:
RAIO=45331.6142855992
RMEIO=22665.8071427996
TAXA=32.4588628815033
TFRENT=1.39658664109985E-6
TFIM=0.0001486034133589
Variables KNT=63:
RAIO=24666.6236110329
RMEIO=12333.3118055164
TAXA=20.3847194456682
TFRENT=1.21005460373283E-6
TFIM=0.000148789945396267
Variables KNT=64:
RAIO=29883.1990085134
RMEIO=14941.5995042567
TAXA=25.0593183640786
TFRENT=1.19249847798532E-6
TFIM=0.000148807501522015
Variables KNT=65:
RAIO=21525.7314035019
RMEIO=10762.865701751
TAXA=33.6003297626707
TFRENT=6.40640480481731E-7
TFIM=0.000149359359519518
Variables KNT=66:
RAIO=48946.5472437204
RMEIO=24473.2736218602
TAXA=124.467791162391
TFRENT=3.9324669287222E-7
TFIM=0.000149606753307128
Variables KNT=67:
RAIO=26904.8693327303
RMEIO=13452.4346663651
TAXA=13.2720181724172
TFRENT=2.02718749953535E-6
TFIM=0.000147972812500465
Variables KNT=68:
RAIO=56395.7484813166
RMEIO=28197.8742406583
TAXA=14.2512821510631
TFRENT=3.95724032992425E-6
TFIM=0.000146042759670076
Variables KNT=69:
RAIO=26145.9590749023
RMEIO=13072.9795374512
TAXA=23.9745485763841
TFRENT=1.09057148632434E-6
TFIM=0.000148909428513676
Variables KNT=70:
RAIO=30450.9052335098
RMEIO=15225.4526167549
TAXA=29.4988811651559
TFRENT=1.03227322633099E-6
TFIM=0.000148967726773669
Variables KNT=71:
RAIO=23704.1868222578
RMEIO=11852.0934111289
TAXA=24.5878658862584
TFRENT=9.64060359362282E-7
TFIM=0.000149035939640638
Variables KNT=72:
RAIO=24953.0133000296
RMEIO=12476.5066500148
TAXA=7.46940388351618
TFRENT=3.34069675293594E-6
TFIM=0.000146659303247064
Variables KNT=73:
RAIO=59290.4394039729
RMEIO=29645.2197019864
TAXA=46.5108334853155
TFRENT=1.27476622027623E-6
TFIM=0.000148725233779724
Variables KNT=74:
RAIO=60149.2043643304
RMEIO=30074.6021821652
TAXA=116.391427283679
TFRENT=5.16783802450755E-7
TFIM=0.000149483216197549
Variables KNT=75:
RAIO=33873.5027632313
RMEIO=16936.7513816156
TAXA=28.2418059495524
TFRENT=1.19940993942592E-6
TFIM=0.000148800590060574
Variables KNT=76:
RAIO=53418.7516548679
RMEIO=26709.3758274339
TAXA=34.6824355684506
TFRENT=1.54022492305762E-6
TFIM=0.000148459775076942
Variables KNT=77:
RAIO=34807.9502091713
RMEIO=17403.9751045857
TAXA=10.8426909823958
TFRENT=3.21026858237365E-6
TFIM=0.000146789731417626
Variables KNT=78:
RAIO=30023.0097556731
RMEIO=15011.5048778365
TAXA=49.2917082507125
TFRENT=6.0908844146701E-7
TFIM=0.000149390911558533
Variables KNT=79:
RAIO=64529.2708461968
RMEIO=32264.6354230984
TAXA=15.8735813945792
TFRENT=4.06519922896755E-6
TFIM=0.000145934800771032
Variables KNT=80:
RAIO=26600.683329979
RMEIO=13300.3416649895
TAXA=20.9541062653768
TFRENT=1.26947353387876E-6
TFIM=0.000148730526466121
Variables KNT=81:
RAIO=43743.6805502692
RMEIO=21871.8402751346
TAXA=41.5430928090484
TFRENT=1.05297120634075E-6
TFIM=0.000148947028793659
Variables KNT=82:
RAIO=92139.8445516063
RMEIO=46069.9222758031
TAXA=52.5818783428989
TFRENT=1.75231177461445E-6
TFIM=0.000148247688225386
Variables KNT=83:
RAIO=79905.2048979769
RMEIO=39952.6024489884
TAXA=26.892221189879
TFRENT=2.97131294338935E-6
TFIM=0.000147028687056611
Variables KNT=84:
RAIO=51179.4481046915
RMEIO=25589.7240523458
TAXA=43.7603034935085
TFRENT=1.16954052003509E-6
TFIM=0.000148830459479965
Variables KNT=85:
RAIO=108166.544302045
RMEIO=54083.2721510225
TAXA=42.6947083994463
TFRENT=2.5334883023454E-6
TFIM=0.000147466511697655
Variables KNT=86:
RAIO=35421.1744727768
RMEIO=17710.5872363884
TAXA=36.5613361158221
TFRENT=9.68815099113627E-7
TFIM=0.000149031184900886
Variables KNT=87:
RAIO=21914.109952688
RMEIO=10957.054976344
TAXA=9.02641877855937
TFRENT=2.42777456821979E-6
TFIM=0.00014757222543178
Variables KNT=88:
RAIO=30065.9343952026
RMEIO=15032.9671976013
TAXA=25.3742682167001
TFRENT=1.18489858065797E-6
TFIM=0.000148815101419342
Variables KNT=89:
RAIO=26263.3186567145
RMEIO=13131.6593283573
TAXA=78.1029104861135
TFRENT=3.36265556472241E-7
TFIM=0.000149663734443528
Variables KNT=90:
RAIO=53104.6357419955
RMEIO=26552.3178709977
TAXA=8.86065093422794
TFRENT=5.99331089060927E-6
TFIM=0.000144006689109391
Variables KNT=91:
RAIO=52449.9055742904
RMEIO=26224.9527871452
TAXA=81.3975186098043
TFRENT=6.44367377164404E-7
TFIM=0.000149355632622836
Variables KNT=92:
RAIO=43127.3722157363
RMEIO=21563.6861078682
TAXA=87.8005682795037
TFRENT=4.91196959892617E-7
TFIM=0.000149508803040107
Variables KNT=93:
RAIO=45102.6191705974
RMEIO=22551.3095852987
TAXA=78.9917494482858
TFRENT=5.70978861534459E-7
TFIM=0.000149429021138466
Variables KNT=94:
RAIO=28893.5993321898
RMEIO=14446.7996660949
TAXA=11.885988591554
TFRENT=2.43089576518029E-6
TFIM=0.00014756910423482
Variables KNT=95:
RAIO=28292.7290327985
RMEIO=14146.3645163993
TAXA=8.64978349746528
TFRENT=3.27091759476863E-6
TFIM=0.000146729082405231
Variables KNT=96:
RAIO=61015.3051486524
RMEIO=30507.6525743262
TAXA=34.4646404344501
TFRENT=1.77037405234795E-6
TFIM=0.000148229625947652
Variables KNT=97:
RAIO=80118.4102878958
RMEIO=40059.2051439479
TAXA=43.9754790149736
TFRENT=1.82188829053154E-6
TFIM=0.000148178111709468
Variables KNT=98:
RAIO=30520.816705227
RMEIO=15260.4083526135
TAXA=15.9547045200449
TFRENT=1.91296659031709E-6
TFIM=0.000148087033409683
Variables KNT=99:
RAIO=42335.3508726408
RMEIO=21167.6754363204
TAXA=10.2170813547014
TFRENT=4.14358557037037E-6
TFIM=0.00014585641442963
Variables KNT=100:
RAIO=24073.905995499
RMEIO=12036.9529977495
TAXA=45.6941451539113
TFRENT=5.26848809938582E-7
TFIM=0.000149473151190061
